[0.495s] Invoking command in '/home/halvor/dev_ws/src/cv_basics': PYTHONPATH=/home/halvor/dev_ws/install/cv_basics/lib/python3.8/site-packages:${PYTHONPATH} /usr/bin/python3 setup.py egg_info --egg-base ../../build/cv_basics build --build-base /home/halvor/dev_ws/build/cv_basics/build install --prefix /home/halvor/dev_ws/install/cv_basics --record /home/halvor/dev_ws/build/cv_basics/install.log --single-version-externally-managed
[0.667s] running egg_info
[0.667s] writing ../../build/cv_basics/cv_basics.egg-info/PKG-INFO
[0.668s] writing dependency_links to ../../build/cv_basics/cv_basics.egg-info/dependency_links.txt
[0.668s] writing entry points to ../../build/cv_basics/cv_basics.egg-info/entry_points.txt
[0.668s] writing requirements to ../../build/cv_basics/cv_basics.egg-info/requires.txt
[0.668s] writing top-level names to ../../build/cv_basics/cv_basics.egg-info/top_level.txt
[0.694s] reading manifest file '../../build/cv_basics/cv_basics.egg-info/SOURCES.txt'
[0.695s] writing manifest file '../../build/cv_basics/cv_basics.egg-info/SOURCES.txt'
[0.695s] running build
[0.695s] running build_py
[0.696s] running install
[0.696s] running install_lib
[0.697s] running install_data
[0.698s] running install_egg_info
[0.699s] removing '/home/halvor/dev_ws/install/cv_basics/lib/python3.8/site-packages/cv_basics-0.0.0-py3.8.egg-info' (and everything under it)
[0.699s] Copying ../../build/cv_basics/cv_basics.egg-info to /home/halvor/dev_ws/install/cv_basics/lib/python3.8/site-packages/cv_basics-0.0.0-py3.8.egg-info
[0.700s] running install_scripts
[0.713s] Installing img_publisher script to /home/halvor/dev_ws/install/cv_basics/lib/cv_basics
[0.713s] Installing img_subscriber script to /home/halvor/dev_ws/install/cv_basics/lib/cv_basics
[0.713s] writing list of installed files to '/home/halvor/dev_ws/build/cv_basics/install.log'
[0.729s] Invoked command in '/home/halvor/dev_ws/src/cv_basics' returned '0': PYTHONPATH=/home/halvor/dev_ws/install/cv_basics/lib/python3.8/site-packages:${PYTHONPATH} /usr/bin/python3 setup.py egg_info --egg-base ../../build/cv_basics build --build-base /home/halvor/dev_ws/build/cv_basics/build install --prefix /home/halvor/dev_ws/install/cv_basics --record /home/halvor/dev_ws/build/cv_basics/install.log --single-version-externally-managed
