[0.383s] Invoking command in '/home/halvor/dev_ws/src/cv_basics': PYTHONPATH=/home/halvor/dev_ws/install/cv_basics/lib/python3.8/site-packages:${PYTHONPATH} /usr/bin/python3 setup.py egg_info --egg-base ../../build/cv_basics build --build-base /home/halvor/dev_ws/build/cv_basics/build install --prefix /home/halvor/dev_ws/install/cv_basics --record /home/halvor/dev_ws/build/cv_basics/install.log --single-version-externally-managed
[0.508s] running egg_info
[0.509s] writing ../../build/cv_basics/cv_basics.egg-info/PKG-INFO
[0.509s] writing dependency_links to ../../build/cv_basics/cv_basics.egg-info/dependency_links.txt
[0.509s] writing entry points to ../../build/cv_basics/cv_basics.egg-info/entry_points.txt
[0.509s] writing requirements to ../../build/cv_basics/cv_basics.egg-info/requires.txt
[0.509s] writing top-level names to ../../build/cv_basics/cv_basics.egg-info/top_level.txt
[0.533s] reading manifest file '../../build/cv_basics/cv_basics.egg-info/SOURCES.txt'
[0.534s] writing manifest file '../../build/cv_basics/cv_basics.egg-info/SOURCES.txt'
[0.534s] running build
[0.534s] running build_py
[0.534s] copying cv_basics/helper.py -> /home/halvor/dev_ws/build/cv_basics/build/lib/cv_basics
[0.534s] running install
[0.535s] running install_lib
[0.536s] copying /home/halvor/dev_ws/build/cv_basics/build/lib/cv_basics/helper.py -> /home/halvor/dev_ws/install/cv_basics/lib/python3.8/site-packages/cv_basics
[0.536s] byte-compiling /home/halvor/dev_ws/install/cv_basics/lib/python3.8/site-packages/cv_basics/helper.py to helper.cpython-38.pyc
[0.537s] running install_data
[0.538s] running install_egg_info
[0.538s] removing '/home/halvor/dev_ws/install/cv_basics/lib/python3.8/site-packages/cv_basics-0.0.0-py3.8.egg-info' (and everything under it)
[0.539s] Copying ../../build/cv_basics/cv_basics.egg-info to /home/halvor/dev_ws/install/cv_basics/lib/python3.8/site-packages/cv_basics-0.0.0-py3.8.egg-info
[0.539s] running install_scripts
[0.551s] Installing img_publisher script to /home/halvor/dev_ws/install/cv_basics/lib/cv_basics
[0.551s] Installing img_subscriber script to /home/halvor/dev_ws/install/cv_basics/lib/cv_basics
[0.551s] writing list of installed files to '/home/halvor/dev_ws/build/cv_basics/install.log'
[0.563s] Invoked command in '/home/halvor/dev_ws/src/cv_basics' returned '0': PYTHONPATH=/home/halvor/dev_ws/install/cv_basics/lib/python3.8/site-packages:${PYTHONPATH} /usr/bin/python3 setup.py egg_info --egg-base ../../build/cv_basics build --build-base /home/halvor/dev_ws/build/cv_basics/build install --prefix /home/halvor/dev_ws/install/cv_basics --record /home/halvor/dev_ws/build/cv_basics/install.log --single-version-externally-managed
