/home/halvor/dev_ws/install/cv_basics/lib/python3.8/site-packages/cv_basics/__init__.py
/home/halvor/dev_ws/install/cv_basics/lib/python3.8/site-packages/cv_basics/webcam_sub.py
/home/halvor/dev_ws/install/cv_basics/lib/python3.8/site-packages/cv_basics/helper.py
/home/halvor/dev_ws/install/cv_basics/lib/python3.8/site-packages/cv_basics/webcam_pub.py
/home/halvor/dev_ws/install/cv_basics/lib/python3.8/site-packages/cv_basics/face_reciever.py
/home/halvor/dev_ws/install/cv_basics/lib/python3.8/site-packages/cv_basics/__pycache__/__init__.cpython-38.pyc
/home/halvor/dev_ws/install/cv_basics/lib/python3.8/site-packages/cv_basics/__pycache__/webcam_sub.cpython-38.pyc
/home/halvor/dev_ws/install/cv_basics/lib/python3.8/site-packages/cv_basics/__pycache__/helper.cpython-38.pyc
/home/halvor/dev_ws/install/cv_basics/lib/python3.8/site-packages/cv_basics/__pycache__/webcam_pub.cpython-38.pyc
/home/halvor/dev_ws/install/cv_basics/lib/python3.8/site-packages/cv_basics/__pycache__/face_reciever.cpython-38.pyc
/home/halvor/dev_ws/install/cv_basics/share/ament_index/resource_index/packages/cv_basics
/home/halvor/dev_ws/install/cv_basics/share/cv_basics/package.xml
/home/halvor/dev_ws/install/cv_basics/lib/python3.8/site-packages/cv_basics-0.0.0-py3.8.egg-info/dependency_links.txt
/home/halvor/dev_ws/install/cv_basics/lib/python3.8/site-packages/cv_basics-0.0.0-py3.8.egg-info/requires.txt
/home/halvor/dev_ws/install/cv_basics/lib/python3.8/site-packages/cv_basics-0.0.0-py3.8.egg-info/entry_points.txt
/home/halvor/dev_ws/install/cv_basics/lib/python3.8/site-packages/cv_basics-0.0.0-py3.8.egg-info/PKG-INFO
/home/halvor/dev_ws/install/cv_basics/lib/python3.8/site-packages/cv_basics-0.0.0-py3.8.egg-info/zip-safe
/home/halvor/dev_ws/install/cv_basics/lib/python3.8/site-packages/cv_basics-0.0.0-py3.8.egg-info/SOURCES.txt
/home/halvor/dev_ws/install/cv_basics/lib/python3.8/site-packages/cv_basics-0.0.0-py3.8.egg-info/top_level.txt
/home/halvor/dev_ws/install/cv_basics/lib/cv_basics/face_reciever
/home/halvor/dev_ws/install/cv_basics/lib/cv_basics/img_publisher
/home/halvor/dev_ws/install/cv_basics/lib/cv_basics/img_subscriber
