[0.541s] Invoking command in '/home/halvor/dev_ws/src/cv_basics': PYTHONPATH=/home/halvor/dev_ws/install/cv_basics/lib/python3.8/site-packages:${PYTHONPATH} /usr/bin/python3 setup.py egg_info --egg-base ../../build/cv_basics build --build-base /home/halvor/dev_ws/build/cv_basics/build install --prefix /home/halvor/dev_ws/install/cv_basics --record /home/halvor/dev_ws/build/cv_basics/install.log --single-version-externally-managed
[0.714s] running egg_info
[0.714s] writing ../../build/cv_basics/cv_basics.egg-info/PKG-INFO
[0.717s] writing dependency_links to ../../build/cv_basics/cv_basics.egg-info/dependency_links.txt
[0.717s] writing entry points to ../../build/cv_basics/cv_basics.egg-info/entry_points.txt
[0.717s] writing requirements to ../../build/cv_basics/cv_basics.egg-info/requires.txt
[0.717s] writing top-level names to ../../build/cv_basics/cv_basics.egg-info/top_level.txt
[0.746s] reading manifest file '../../build/cv_basics/cv_basics.egg-info/SOURCES.txt'
[0.746s] writing manifest file '../../build/cv_basics/cv_basics.egg-info/SOURCES.txt'
[0.746s] running build
[0.746s] running build_py
[0.747s] copying cv_basics/face.py -> /home/halvor/dev_ws/build/cv_basics/build/lib/cv_basics
[0.747s] copying cv_basics/helper.py -> /home/halvor/dev_ws/build/cv_basics/build/lib/cv_basics
[0.747s] running install
[0.748s] running install_lib
[0.749s] copying /home/halvor/dev_ws/build/cv_basics/build/lib/cv_basics/face.py -> /home/halvor/dev_ws/install/cv_basics/lib/python3.8/site-packages/cv_basics
[0.749s] copying /home/halvor/dev_ws/build/cv_basics/build/lib/cv_basics/helper.py -> /home/halvor/dev_ws/install/cv_basics/lib/python3.8/site-packages/cv_basics
[0.750s] byte-compiling /home/halvor/dev_ws/install/cv_basics/lib/python3.8/site-packages/cv_basics/face.py to face.cpython-38.pyc
[0.751s] byte-compiling /home/halvor/dev_ws/install/cv_basics/lib/python3.8/site-packages/cv_basics/helper.py to helper.cpython-38.pyc
[0.751s] running install_data
[0.752s] running install_egg_info
[0.753s] removing '/home/halvor/dev_ws/install/cv_basics/lib/python3.8/site-packages/cv_basics-0.0.0-py3.8.egg-info' (and everything under it)
[0.753s] Copying ../../build/cv_basics/cv_basics.egg-info to /home/halvor/dev_ws/install/cv_basics/lib/python3.8/site-packages/cv_basics-0.0.0-py3.8.egg-info
[0.754s] running install_scripts
[0.767s] Installing img_publisher script to /home/halvor/dev_ws/install/cv_basics/lib/cv_basics
[0.768s] Installing img_subscriber script to /home/halvor/dev_ws/install/cv_basics/lib/cv_basics
[0.768s] writing list of installed files to '/home/halvor/dev_ws/build/cv_basics/install.log'
[0.784s] Invoked command in '/home/halvor/dev_ws/src/cv_basics' returned '0': PYTHONPATH=/home/halvor/dev_ws/install/cv_basics/lib/python3.8/site-packages:${PYTHONPATH} /usr/bin/python3 setup.py egg_info --egg-base ../../build/cv_basics build --build-base /home/halvor/dev_ws/build/cv_basics/build install --prefix /home/halvor/dev_ws/install/cv_basics --record /home/halvor/dev_ws/build/cv_basics/install.log --single-version-externally-managed
