[0.444s] Invoking command in '/home/halvor/dev_ws/src/cv_basics': PYTHONPATH=/home/halvor/dev_ws/install/cv_basics/lib/python3.8/site-packages:${PYTHONPATH} /usr/bin/python3 setup.py egg_info --egg-base ../../build/cv_basics build --build-base /home/halvor/dev_ws/build/cv_basics/build install --prefix /home/halvor/dev_ws/install/cv_basics --record /home/halvor/dev_ws/build/cv_basics/install.log --single-version-externally-managed
[0.587s] running egg_info
[0.587s] creating ../../build/cv_basics/cv_basics.egg-info
[0.588s] writing ../../build/cv_basics/cv_basics.egg-info/PKG-INFO
[0.588s] writing dependency_links to ../../build/cv_basics/cv_basics.egg-info/dependency_links.txt
[0.588s] writing entry points to ../../build/cv_basics/cv_basics.egg-info/entry_points.txt
[0.588s] writing requirements to ../../build/cv_basics/cv_basics.egg-info/requires.txt
[0.588s] writing top-level names to ../../build/cv_basics/cv_basics.egg-info/top_level.txt
[0.590s] writing manifest file '../../build/cv_basics/cv_basics.egg-info/SOURCES.txt'
[0.613s] reading manifest file '../../build/cv_basics/cv_basics.egg-info/SOURCES.txt'
[0.614s] writing manifest file '../../build/cv_basics/cv_basics.egg-info/SOURCES.txt'
[0.614s] running build
[0.614s] running build_py
[0.614s] creating /home/halvor/dev_ws/build/cv_basics/build
[0.614s] creating /home/halvor/dev_ws/build/cv_basics/build/lib
[0.614s] creating /home/halvor/dev_ws/build/cv_basics/build/lib/cv_basics
[0.615s] copying cv_basics/__init__.py -> /home/halvor/dev_ws/build/cv_basics/build/lib/cv_basics
[0.615s] copying cv_basics/webcam_sub.py -> /home/halvor/dev_ws/build/cv_basics/build/lib/cv_basics
[0.615s] copying cv_basics/webcam_pub.py -> /home/halvor/dev_ws/build/cv_basics/build/lib/cv_basics
[0.615s] running install
[0.615s] running install_lib
[0.616s] creating /home/halvor/dev_ws/install/cv_basics/lib/python3.8/site-packages/cv_basics
[0.616s] copying /home/halvor/dev_ws/build/cv_basics/build/lib/cv_basics/__init__.py -> /home/halvor/dev_ws/install/cv_basics/lib/python3.8/site-packages/cv_basics
[0.616s] copying /home/halvor/dev_ws/build/cv_basics/build/lib/cv_basics/webcam_sub.py -> /home/halvor/dev_ws/install/cv_basics/lib/python3.8/site-packages/cv_basics
[0.616s] copying /home/halvor/dev_ws/build/cv_basics/build/lib/cv_basics/webcam_pub.py -> /home/halvor/dev_ws/install/cv_basics/lib/python3.8/site-packages/cv_basics
[0.616s] byte-compiling /home/halvor/dev_ws/install/cv_basics/lib/python3.8/site-packages/cv_basics/__init__.py to __init__.cpython-38.pyc
[0.617s] byte-compiling /home/halvor/dev_ws/install/cv_basics/lib/python3.8/site-packages/cv_basics/webcam_sub.py to webcam_sub.cpython-38.pyc
[0.617s] byte-compiling /home/halvor/dev_ws/install/cv_basics/lib/python3.8/site-packages/cv_basics/webcam_pub.py to webcam_pub.cpython-38.pyc
[0.618s] running install_data
[0.618s] creating /home/halvor/dev_ws/install/cv_basics/share/ament_index
[0.618s] creating /home/halvor/dev_ws/install/cv_basics/share/ament_index/resource_index
[0.618s] creating /home/halvor/dev_ws/install/cv_basics/share/ament_index/resource_index/packages
[0.618s] copying resource/cv_basics -> /home/halvor/dev_ws/install/cv_basics/share/ament_index/resource_index/packages
[0.618s] copying package.xml -> /home/halvor/dev_ws/install/cv_basics/share/cv_basics
[0.619s] running install_egg_info
[0.619s] Copying ../../build/cv_basics/cv_basics.egg-info to /home/halvor/dev_ws/install/cv_basics/lib/python3.8/site-packages/cv_basics-0.0.0-py3.8.egg-info
[0.620s] running install_scripts
[0.632s] Installing img_publisher script to /home/halvor/dev_ws/install/cv_basics/lib/cv_basics
[0.632s] Installing img_subscriber script to /home/halvor/dev_ws/install/cv_basics/lib/cv_basics
[0.632s] writing list of installed files to '/home/halvor/dev_ws/build/cv_basics/install.log'
[0.645s] Invoked command in '/home/halvor/dev_ws/src/cv_basics' returned '0': PYTHONPATH=/home/halvor/dev_ws/install/cv_basics/lib/python3.8/site-packages:${PYTHONPATH} /usr/bin/python3 setup.py egg_info --egg-base ../../build/cv_basics build --build-base /home/halvor/dev_ws/build/cv_basics/build install --prefix /home/halvor/dev_ws/install/cv_basics --record /home/halvor/dev_ws/build/cv_basics/install.log --single-version-externally-managed
