[0.507s] Invoking command in '/home/halvor/dev_ws/src/cv_basics': PYTHONPATH=/home/halvor/dev_ws/install/cv_basics/lib/python3.8/site-packages:${PYTHONPATH} /usr/bin/python3 setup.py egg_info --egg-base ../../build/cv_basics build --build-base /home/halvor/dev_ws/build/cv_basics/build install --prefix /home/halvor/dev_ws/install/cv_basics --record /home/halvor/dev_ws/build/cv_basics/install.log --single-version-externally-managed
[0.679s] running egg_info
[0.680s] writing ../../build/cv_basics/cv_basics.egg-info/PKG-INFO
[0.680s] writing dependency_links to ../../build/cv_basics/cv_basics.egg-info/dependency_links.txt
[0.680s] writing entry points to ../../build/cv_basics/cv_basics.egg-info/entry_points.txt
[0.680s] writing requirements to ../../build/cv_basics/cv_basics.egg-info/requires.txt
[0.680s] writing top-level names to ../../build/cv_basics/cv_basics.egg-info/top_level.txt
[0.707s] reading manifest file '../../build/cv_basics/cv_basics.egg-info/SOURCES.txt'
[0.708s] writing manifest file '../../build/cv_basics/cv_basics.egg-info/SOURCES.txt'
[0.708s] running build
[0.708s] running build_py
[0.708s] copying cv_basics/helper.py -> /home/halvor/dev_ws/build/cv_basics/build/lib/cv_basics
[0.708s] running install
[0.709s] running install_lib
[0.710s] copying /home/halvor/dev_ws/build/cv_basics/build/lib/cv_basics/helper.py -> /home/halvor/dev_ws/install/cv_basics/lib/python3.8/site-packages/cv_basics
[0.710s] byte-compiling /home/halvor/dev_ws/install/cv_basics/lib/python3.8/site-packages/cv_basics/helper.py to helper.cpython-38.pyc
[0.711s] Sorry: TabError: inconsistent use of tabs and spaces in indentation (helper.py, line 98)
[0.711s] running install_data
[0.711s] running install_egg_info
[0.712s] removing '/home/halvor/dev_ws/install/cv_basics/lib/python3.8/site-packages/cv_basics-0.0.0-py3.8.egg-info' (and everything under it)
[0.713s] Copying ../../build/cv_basics/cv_basics.egg-info to /home/halvor/dev_ws/install/cv_basics/lib/python3.8/site-packages/cv_basics-0.0.0-py3.8.egg-info
[0.713s] running install_scripts
[0.727s] Installing img_publisher script to /home/halvor/dev_ws/install/cv_basics/lib/cv_basics
[0.727s] Installing img_subscriber script to /home/halvor/dev_ws/install/cv_basics/lib/cv_basics
[0.728s] writing list of installed files to '/home/halvor/dev_ws/build/cv_basics/install.log'
[0.745s] Invoked command in '/home/halvor/dev_ws/src/cv_basics' returned '0': PYTHONPATH=/home/halvor/dev_ws/install/cv_basics/lib/python3.8/site-packages:${PYTHONPATH} /usr/bin/python3 setup.py egg_info --egg-base ../../build/cv_basics build --build-base /home/halvor/dev_ws/build/cv_basics/build install --prefix /home/halvor/dev_ws/install/cv_basics --record /home/halvor/dev_ws/build/cv_basics/install.log --single-version-externally-managed
