[0.007s] Invoking command in '/home/halvor/dev_ws/build/turtlesim': CMAKE_PREFIX_PATH=/opt/ros/foxy /usr/bin/cmake /home/halvor/dev_ws/src/ros_tutorials/turtlesim -DCMAKE_INSTALL_PREFIX=/home/halvor/dev_ws/install/turtlesim
[0.291s] -- The C compiler identification is GNU 9.4.0
[0.508s] -- The CXX compiler identification is GNU 9.4.0
[0.515s] -- Check for working C compiler: /usr/bin/cc
[0.572s] -- Check for working C compiler: /usr/bin/cc -- works
[0.573s] -- Detecting C compiler ABI info
[0.668s] -- Detecting C compiler ABI info - done
[0.687s] -- Detecting C compile features
[0.688s] -- Detecting C compile features - done
[0.691s] -- Check for working CXX compiler: /usr/bin/c++
[0.749s] -- Check for working CXX compiler: /usr/bin/c++ -- works
[0.750s] -- Detecting CXX compiler ABI info
[0.807s] -- Detecting CXX compiler ABI info - done
[0.817s] -- Detecting CXX compile features
[0.817s] -- Detecting CXX compile features - done
[0.819s] -- Found ament_cmake: 0.9.9 (/opt/ros/foxy/share/ament_cmake/cmake)
[0.838s] -- Found PythonInterp: /usr/bin/python3 (found suitable version "3.8.10", minimum required is "3") 
[0.839s] -- Using PYTHON_EXECUTABLE: /usr/bin/python3
[0.986s] -- Found ament_index_cpp: 1.1.0 (/opt/ros/foxy/share/ament_index_cpp/cmake)
[0.989s] -- Found geometry_msgs: 2.0.5 (/opt/ros/foxy/share/geometry_msgs/cmake)
[1.015s] -- Using all available rosidl_typesupport_c: rosidl_typesupport_fastrtps_c;rosidl_typesupport_introspection_c
[1.020s] -- Found rosidl_adapter: 1.2.1 (/opt/ros/foxy/share/rosidl_adapter/cmake)
[1.075s] -- Found OpenSSL: /usr/lib/x86_64-linux-gnu/libcrypto.so (found version "1.1.1f")  
[1.095s] -- Found FastRTPS: /opt/ros/foxy/include  
[1.156s] -- Using all available rosidl_typesupport_cpp: rosidl_typesupport_fastrtps_cpp;rosidl_typesupport_introspection_cpp
[1.239s] -- Found rclcpp: 2.4.1 (/opt/ros/foxy/share/rclcpp/cmake)
[1.280s] -- Found rmw_implementation_cmake: 1.0.3 (/opt/ros/foxy/share/rmw_implementation_cmake/cmake)
[1.282s] -- Using RMW implementation 'rmw_fastrtps_cpp' as default
[1.283s] -- Looking for pthread.h
[1.339s] -- Looking for pthread.h - found
[1.339s] -- Performing Test CMAKE_HAVE_LIBC_PTHREAD
[1.395s] -- Performing Test CMAKE_HAVE_LIBC_PTHREAD - Failed
[1.396s] -- Looking for pthread_create in pthreads
[1.439s] -- Looking for pthread_create in pthreads - not found
[1.439s] -- Looking for pthread_create in pthread
[1.496s] -- Looking for pthread_create in pthread - found
[1.497s] -- Found Threads: TRUE  
[1.615s] -- Found rclcpp_action: 2.4.1 (/opt/ros/foxy/share/rclcpp_action/cmake)
[1.680s] -- Found rosidl_default_generators: 1.0.1 (/opt/ros/foxy/share/rosidl_default_generators/cmake)
[1.690s] -- Found std_srvs: 2.0.5 (/opt/ros/foxy/share/std_srvs/cmake)
[1.715s] -- Found PythonInterp: /usr/bin/python3 (found version "3.8.10") 
[1.846s] -- Found ament_cmake_ros: 0.9.2 (/opt/ros/foxy/share/ament_cmake_ros/cmake)
[1.939s] -- Using all available rosidl_typesupport_c: rosidl_typesupport_fastrtps_c;rosidl_typesupport_introspection_c
[1.958s] -- Using all available rosidl_typesupport_cpp: rosidl_typesupport_fastrtps_cpp;rosidl_typesupport_introspection_cpp
[1.976s] -- Found PythonInterp: /usr/bin/python3 (found suitable version "3.8.10", minimum required is "3.5") 
[1.977s] -- Found python_cmake_module: 0.8.1 (/opt/ros/foxy/share/python_cmake_module/cmake)
[1.997s] -- Found PythonLibs: /usr/lib/x86_64-linux-gnu/libpython3.8.so (found suitable version "3.8.10", minimum required is "3.5") 
[1.997s] -- Using PYTHON_EXECUTABLE: /usr/bin/python3
[1.997s] -- Using PYTHON_INCLUDE_DIRS: /usr/include/python3.8
[1.997s] -- Using PYTHON_LIBRARIES: /usr/lib/x86_64-linux-gnu/libpython3.8.so
[2.012s] -- Found PythonExtra: .so  
[2.064s] -- Configuring done
[2.133s] -- Generating done
[2.135s] -- Build files have been written to: /home/halvor/dev_ws/build/turtlesim
[2.142s] Invoked command in '/home/halvor/dev_ws/build/turtlesim' returned '0': CMAKE_PREFIX_PATH=/opt/ros/foxy /usr/bin/cmake /home/halvor/dev_ws/src/ros_tutorials/turtlesim -DCMAKE_INSTALL_PREFIX=/home/halvor/dev_ws/install/turtlesim
[2.144s] Invoking command in '/home/halvor/dev_ws/build/turtlesim': CMAKE_PREFIX_PATH=/opt/ros/foxy /usr/bin/cmake --build /home/halvor/dev_ws/build/turtlesim -- -j12 -l12
[2.175s] [  1%] [34m[1mGenerating C code for ROS interfaces[0m
[2.175s] [35m[1mScanning dependencies of target turtlesim__cpp[0m
[2.182s] [  2%] [34m[1mGenerating C++ code for ROS interfaces[0m
[2.770s] [  2%] Built target turtlesim__cpp
[2.771s] [35m[1mScanning dependencies of target turtlesim__rosidl_generator_c[0m
[2.778s] [  5%] [34m[1mGenerating C++ introspection for ROS interfaces[0m
[2.778s] [  5%] [34m[1mGenerating C++ type support for eProsima Fast-RTPS[0m
[2.779s] [  5%] [34m[1mGenerating C++ type support dispatch for ROS interfaces[0m
[2.788s] [ 10%] [32mBuilding C object CMakeFiles/turtlesim__rosidl_generator_c.dir/rosidl_generator_c/turtlesim/srv/detail/set_pen__functions.c.o[0m
[2.788s] [ 10%] [32mBuilding C object CMakeFiles/turtlesim__rosidl_generator_c.dir/rosidl_generator_c/turtlesim/msg/detail/pose__functions.c.o[0m
[2.788s] [ 10%] [32mBuilding C object CMakeFiles/turtlesim__rosidl_generator_c.dir/rosidl_generator_c/turtlesim/srv/detail/kill__functions.c.o[0m
[2.788s] [ 10%] [32mBuilding C object CMakeFiles/turtlesim__rosidl_generator_c.dir/rosidl_generator_c/turtlesim/action/detail/rotate_absolute__functions.c.o[0m
[2.788s] [ 10%] [32mBuilding C object CMakeFiles/turtlesim__rosidl_generator_c.dir/rosidl_generator_c/turtlesim/msg/detail/color__functions.c.o[0m
[2.788s] [ 11%] [32mBuilding C object CMakeFiles/turtlesim__rosidl_generator_c.dir/rosidl_generator_c/turtlesim/srv/detail/spawn__functions.c.o[0m
[2.788s] [ 12%] [32mBuilding C object CMakeFiles/turtlesim__rosidl_generator_c.dir/rosidl_generator_c/turtlesim/srv/detail/teleport_absolute__functions.c.o[0m
[2.788s] [ 13%] [32mBuilding C object CMakeFiles/turtlesim__rosidl_generator_c.dir/rosidl_generator_c/turtlesim/srv/detail/teleport_relative__functions.c.o[0m
[2.868s] [ 14%] [32m[1mLinking C shared library libturtlesim__rosidl_generator_c.so[0m
[2.903s] [ 14%] Built target turtlesim__rosidl_generator_c
[2.910s] [ 16%] [34m[1mGenerating C type support dispatch for ROS interfaces[0m
[2.911s] [ 16%] [34m[1mGenerating C introspection for ROS interfaces[0m
[3.141s] [35m[1mScanning dependencies of target turtlesim__rosidl_typesupport_cpp[0m
[3.162s] [ 18%] [32mBuilding CXX object CMakeFiles/turtlesim__rosidl_typesupport_cpp.dir/rosidl_typesupport_cpp/turtlesim/action/rotate_absolute__type_support.cpp.o[0m
[3.162s] [ 20%] [32mBuilding CXX object CMakeFiles/turtlesim__rosidl_typesupport_cpp.dir/rosidl_typesupport_cpp/turtlesim/srv/kill__type_support.cpp.o[0m
[3.162s] [ 21%] [32mBuilding CXX object CMakeFiles/turtlesim__rosidl_typesupport_cpp.dir/rosidl_typesupport_cpp/turtlesim/srv/spawn__type_support.cpp.o[0m
[3.162s] [ 20%] [32mBuilding CXX object CMakeFiles/turtlesim__rosidl_typesupport_cpp.dir/rosidl_typesupport_cpp/turtlesim/msg/pose__type_support.cpp.o[0m
[3.163s] [ 22%] [32mBuilding CXX object CMakeFiles/turtlesim__rosidl_typesupport_cpp.dir/rosidl_typesupport_cpp/turtlesim/srv/set_pen__type_support.cpp.o[0m
[3.163s] [ 23%] [32mBuilding CXX object CMakeFiles/turtlesim__rosidl_typesupport_cpp.dir/rosidl_typesupport_cpp/turtlesim/srv/teleport_absolute__type_support.cpp.o[0m
[3.163s] [ 20%] [32mBuilding CXX object CMakeFiles/turtlesim__rosidl_typesupport_cpp.dir/rosidl_typesupport_cpp/turtlesim/msg/color__type_support.cpp.o[0m
[3.163s] [ 24%] [32mBuilding CXX object CMakeFiles/turtlesim__rosidl_typesupport_cpp.dir/rosidl_typesupport_cpp/turtlesim/srv/teleport_relative__type_support.cpp.o[0m
[3.391s] [35m[1mScanning dependencies of target turtlesim__rosidl_typesupport_c[0m
[3.410s] [35m[1mScanning dependencies of target turtlesim__rosidl_typesupport_introspection_cpp[0m
[3.419s] [ 25%] [32mBuilding CXX object CMakeFiles/turtlesim__rosidl_typesupport_c.dir/rosidl_typesupport_c/turtlesim/action/rotate_absolute__type_support.cpp.o[0m
[3.435s] [ 26%] [32mBuilding CXX object CMakeFiles/turtlesim__rosidl_typesupport_introspection_cpp.dir/rosidl_typesupport_introspection_cpp/turtlesim/action/detail/rotate_absolute__type_support.cpp.o[0m
[3.478s] [ 27%] [32mBuilding CXX object CMakeFiles/turtlesim__rosidl_typesupport_c.dir/rosidl_typesupport_c/turtlesim/msg/color__type_support.cpp.o[0m
[3.512s] [ 28%] [32mBuilding CXX object CMakeFiles/turtlesim__rosidl_typesupport_c.dir/rosidl_typesupport_c/turtlesim/msg/pose__type_support.cpp.o[0m
[3.536s] [ 29%] [32mBuilding CXX object CMakeFiles/turtlesim__rosidl_typesupport_introspection_cpp.dir/rosidl_typesupport_introspection_cpp/turtlesim/msg/detail/color__type_support.cpp.o[0m
[3.545s] [ 30%] [32mBuilding CXX object CMakeFiles/turtlesim__rosidl_typesupport_introspection_cpp.dir/rosidl_typesupport_introspection_cpp/turtlesim/srv/detail/kill__type_support.cpp.o[0m
[3.546s] [ 31%] [32mBuilding CXX object CMakeFiles/turtlesim__rosidl_typesupport_c.dir/rosidl_typesupport_c/turtlesim/srv/kill__type_support.cpp.o[0m
[3.547s] [ 32%] [32mBuilding CXX object CMakeFiles/turtlesim__rosidl_typesupport_introspection_cpp.dir/rosidl_typesupport_introspection_cpp/turtlesim/srv/detail/set_pen__type_support.cpp.o[0m
[3.551s] [ 33%] [32mBuilding CXX object CMakeFiles/turtlesim__rosidl_typesupport_introspection_cpp.dir/rosidl_typesupport_introspection_cpp/turtlesim/srv/detail/spawn__type_support.cpp.o[0m
[3.552s] [ 34%] [32mBuilding CXX object CMakeFiles/turtlesim__rosidl_typesupport_introspection_cpp.dir/rosidl_typesupport_introspection_cpp/turtlesim/srv/detail/teleport_absolute__type_support.cpp.o[0m
[3.555s] [ 35%] [32mBuilding CXX object CMakeFiles/turtlesim__rosidl_typesupport_introspection_cpp.dir/rosidl_typesupport_introspection_cpp/turtlesim/msg/detail/pose__type_support.cpp.o[0m
[3.567s] [ 36%] [32mBuilding CXX object CMakeFiles/turtlesim__rosidl_typesupport_introspection_cpp.dir/rosidl_typesupport_introspection_cpp/turtlesim/srv/detail/teleport_relative__type_support.cpp.o[0m
[3.580s] [35m[1mScanning dependencies of target turtlesim__rosidl_typesupport_fastrtps_cpp[0m
[3.585s] [ 37%] [32mBuilding CXX object CMakeFiles/turtlesim__rosidl_typesupport_c.dir/rosidl_typesupport_c/turtlesim/srv/set_pen__type_support.cpp.o[0m
[3.619s] [ 38%] [32m[1mLinking CXX shared library libturtlesim__rosidl_typesupport_cpp.so[0m
[3.621s] [ 39%] [32mBuilding CXX object CMakeFiles/turtlesim__rosidl_typesupport_fastrtps_cpp.dir/rosidl_typesupport_fastrtps_cpp/turtlesim/action/detail/dds_fastrtps/rotate_absolute__type_support.cpp.o[0m
[3.629s] [ 40%] [32mBuilding CXX object CMakeFiles/turtlesim__rosidl_typesupport_c.dir/rosidl_typesupport_c/turtlesim/srv/spawn__type_support.cpp.o[0m
[3.666s] [ 41%] [32mBuilding CXX object CMakeFiles/turtlesim__rosidl_typesupport_c.dir/rosidl_typesupport_c/turtlesim/srv/teleport_absolute__type_support.cpp.o[0m
[3.698s] [ 41%] Built target turtlesim__rosidl_typesupport_cpp
[3.703s] [ 42%] [32mBuilding CXX object CMakeFiles/turtlesim__rosidl_typesupport_c.dir/rosidl_typesupport_c/turtlesim/srv/teleport_relative__type_support.cpp.o[0m
[3.709s] [ 43%] [32mBuilding CXX object CMakeFiles/turtlesim__rosidl_typesupport_fastrtps_cpp.dir/rosidl_typesupport_fastrtps_cpp/turtlesim/msg/detail/dds_fastrtps/color__type_support.cpp.o[0m
[3.714s] [35m[1mScanning dependencies of target turtlesim__rosidl_typesupport_introspection_c[0m
[3.738s] [ 44%] [32mBuilding C object CMakeFiles/turtlesim__rosidl_typesupport_introspection_c.dir/rosidl_typesupport_introspection_c/turtlesim/action/detail/rotate_absolute__type_support.c.o[0m
[3.747s] [ 45%] [32m[1mLinking CXX shared library libturtlesim__rosidl_typesupport_c.so[0m
[3.799s] [ 45%] Built target turtlesim__rosidl_typesupport_c
[3.799s] [ 46%] [32mBuilding C object CMakeFiles/turtlesim__rosidl_typesupport_introspection_c.dir/rosidl_typesupport_introspection_c/turtlesim/msg/detail/color__type_support.c.o[0m
[3.809s] [ 47%] [32mBuilding C object CMakeFiles/turtlesim__rosidl_typesupport_introspection_c.dir/rosidl_typesupport_introspection_c/turtlesim/msg/detail/pose__type_support.c.o[0m
[3.840s] [ 48%] [32mBuilding C object CMakeFiles/turtlesim__rosidl_typesupport_introspection_c.dir/rosidl_typesupport_introspection_c/turtlesim/srv/detail/kill__type_support.c.o[0m
[3.848s] [ 49%] [32mBuilding C object CMakeFiles/turtlesim__rosidl_typesupport_introspection_c.dir/rosidl_typesupport_introspection_c/turtlesim/srv/detail/set_pen__type_support.c.o[0m
[3.864s] [ 50%] [32mBuilding C object CMakeFiles/turtlesim__rosidl_typesupport_introspection_c.dir/rosidl_typesupport_introspection_c/turtlesim/srv/detail/spawn__type_support.c.o[0m
[3.877s] [ 52%] [32mBuilding CXX object CMakeFiles/turtlesim__rosidl_typesupport_fastrtps_cpp.dir/rosidl_typesupport_fastrtps_cpp/turtlesim/msg/detail/dds_fastrtps/pose__type_support.cpp.o[0m
[3.877s] [ 52%] [32mBuilding C object CMakeFiles/turtlesim__rosidl_typesupport_introspection_c.dir/rosidl_typesupport_introspection_c/turtlesim/srv/detail/teleport_absolute__type_support.c.o[0m
[3.881s] [ 53%] [32mBuilding C object CMakeFiles/turtlesim__rosidl_typesupport_introspection_c.dir/rosidl_typesupport_introspection_c/turtlesim/srv/detail/teleport_relative__type_support.c.o[0m
[3.889s] [ 54%] [32mBuilding CXX object CMakeFiles/turtlesim__rosidl_typesupport_fastrtps_cpp.dir/rosidl_typesupport_fastrtps_cpp/turtlesim/srv/detail/dds_fastrtps/kill__type_support.cpp.o[0m
[3.912s] [ 55%] [32mBuilding CXX object CMakeFiles/turtlesim__rosidl_typesupport_fastrtps_cpp.dir/rosidl_typesupport_fastrtps_cpp/turtlesim/srv/detail/dds_fastrtps/set_pen__type_support.cpp.o[0m
[3.912s] [ 57%] [32mBuilding CXX object CMakeFiles/turtlesim__rosidl_typesupport_fastrtps_cpp.dir/rosidl_typesupport_fastrtps_cpp/turtlesim/srv/detail/dds_fastrtps/teleport_absolute__type_support.cpp.o[0m
[3.912s] [ 57%] [32mBuilding CXX object CMakeFiles/turtlesim__rosidl_typesupport_fastrtps_cpp.dir/rosidl_typesupport_fastrtps_cpp/turtlesim/srv/detail/dds_fastrtps/spawn__type_support.cpp.o[0m
[3.918s] [ 58%] [32mBuilding CXX object CMakeFiles/turtlesim__rosidl_typesupport_fastrtps_cpp.dir/rosidl_typesupport_fastrtps_cpp/turtlesim/srv/detail/dds_fastrtps/teleport_relative__type_support.cpp.o[0m
[3.923s] [ 59%] [32m[1mLinking C shared library libturtlesim__rosidl_typesupport_introspection_c.so[0m
[3.928s] [ 60%] [32m[1mLinking CXX shared library libturtlesim__rosidl_typesupport_introspection_cpp.so[0m
[3.955s] [ 60%] Built target turtlesim__rosidl_typesupport_introspection_c
[4.014s] [ 60%] Built target turtlesim__rosidl_typesupport_introspection_cpp
[4.384s] [ 61%] [32m[1mLinking CXX shared library libturtlesim__rosidl_typesupport_fastrtps_cpp.so[0m
[4.509s] [ 61%] Built target turtlesim__rosidl_typesupport_fastrtps_cpp
[4.517s] [ 62%] [34m[1mGenerating C type support for eProsima Fast-RTPS[0m
[5.288s] [35m[1mScanning dependencies of target turtlesim__rosidl_typesupport_fastrtps_c[0m
[5.311s] [ 63%] [32mBuilding CXX object CMakeFiles/turtlesim__rosidl_typesupport_fastrtps_c.dir/rosidl_typesupport_fastrtps_c/turtlesim/msg/detail/color__type_support_c.cpp.o[0m
[5.312s] [ 64%] [32mBuilding CXX object CMakeFiles/turtlesim__rosidl_typesupport_fastrtps_c.dir/rosidl_typesupport_fastrtps_c/turtlesim/srv/detail/set_pen__type_support_c.cpp.o[0m
[5.313s] [ 65%] [32mBuilding CXX object CMakeFiles/turtlesim__rosidl_typesupport_fastrtps_c.dir/rosidl_typesupport_fastrtps_c/turtlesim/action/detail/rotate_absolute__type_support_c.cpp.o[0m
[5.314s] [ 66%] [32mBuilding CXX object CMakeFiles/turtlesim__rosidl_typesupport_fastrtps_c.dir/rosidl_typesupport_fastrtps_c/turtlesim/msg/detail/pose__type_support_c.cpp.o[0m
[5.314s] [ 67%] [32mBuilding CXX object CMakeFiles/turtlesim__rosidl_typesupport_fastrtps_c.dir/rosidl_typesupport_fastrtps_c/turtlesim/srv/detail/kill__type_support_c.cpp.o[0m
[5.315s] [ 68%] [32mBuilding CXX object CMakeFiles/turtlesim__rosidl_typesupport_fastrtps_c.dir/rosidl_typesupport_fastrtps_c/turtlesim/srv/detail/spawn__type_support_c.cpp.o[0m
[5.315s] [ 69%] [32mBuilding CXX object CMakeFiles/turtlesim__rosidl_typesupport_fastrtps_c.dir/rosidl_typesupport_fastrtps_c/turtlesim/srv/detail/teleport_relative__type_support_c.cpp.o[0m
[5.315s] [ 70%] [32mBuilding CXX object CMakeFiles/turtlesim__rosidl_typesupport_fastrtps_c.dir/rosidl_typesupport_fastrtps_c/turtlesim/srv/detail/teleport_absolute__type_support_c.cpp.o[0m
[5.725s] [ 71%] [32m[1mLinking CXX shared library libturtlesim__rosidl_typesupport_fastrtps_c.so[0m
[5.788s] [ 71%] Built target turtlesim__rosidl_typesupport_fastrtps_c
[5.795s] [35m[1mScanning dependencies of target turtlesim[0m
[5.802s] [ 71%] Built target turtlesim
[5.810s] [35m[1mScanning dependencies of target mimic[0m
[5.810s] [35m[1mScanning dependencies of target draw_square[0m
[5.810s] [35m[1mScanning dependencies of target turtle_teleop_key[0m
[5.810s] [ 72%] [34m[1mGenerating include/turtlesim/moc_turtle_frame.cpp[0m
[5.810s] [35m[1mScanning dependencies of target turtlesim__py[0m
[5.817s] [ 73%] [34m[1mGenerating Python code for ROS interfaces[0m
[5.875s] [35m[1mScanning dependencies of target turtlesim_node[0m
[5.886s] [ 74%] [32mBuilding CXX object CMakeFiles/draw_square.dir/tutorials/draw_square.cpp.o[0m
[5.889s] [ 75%] [32mBuilding CXX object CMakeFiles/mimic.dir/tutorials/mimic.cpp.o[0m
[5.893s] [ 76%] [32mBuilding CXX object CMakeFiles/turtle_teleop_key.dir/tutorials/teleop_turtle_key.cpp.o[0m
[5.944s] [ 77%] [32mBuilding CXX object CMakeFiles/turtlesim_node.dir/src/turtlesim.cpp.o[0m
[5.946s] [ 78%] [32mBuilding CXX object CMakeFiles/turtlesim_node.dir/src/turtle.cpp.o[0m
[5.946s] [ 79%] [32mBuilding CXX object CMakeFiles/turtlesim_node.dir/src/turtle_frame.cpp.o[0m
[5.947s] [ 80%] [32mBuilding CXX object CMakeFiles/turtlesim_node.dir/include/turtlesim/moc_turtle_frame.cpp.o[0m
[7.177s] [ 80%] Built target turtlesim__py
[7.185s] [35m[1mScanning dependencies of target turtlesim__python[0m
[7.236s] [ 83%] [32mBuilding C object CMakeFiles/turtlesim__python.dir/rosidl_generator_py/turtlesim/action/_rotate_absolute_s.c.o[0m
[7.236s] [ 83%] [32mBuilding C object CMakeFiles/turtlesim__python.dir/rosidl_generator_py/turtlesim/msg/_color_s.c.o[0m
[7.236s] [ 84%] [32mBuilding C object CMakeFiles/turtlesim__python.dir/rosidl_generator_py/turtlesim/srv/_set_pen_s.c.o[0m
[7.236s] [ 83%] [32mBuilding C object CMakeFiles/turtlesim__python.dir/rosidl_generator_py/turtlesim/msg/_pose_s.c.o[0m
[7.242s] [ 85%] [32mBuilding C object CMakeFiles/turtlesim__python.dir/rosidl_generator_py/turtlesim/srv/_kill_s.c.o[0m
[7.354s] [ 86%] [32mBuilding C object CMakeFiles/turtlesim__python.dir/rosidl_generator_py/turtlesim/srv/_spawn_s.c.o[0m
[7.355s] [ 87%] [32mBuilding C object CMakeFiles/turtlesim__python.dir/rosidl_generator_py/turtlesim/srv/_teleport_absolute_s.c.o[0m
[7.363s] [ 88%] [32mBuilding C object CMakeFiles/turtlesim__python.dir/rosidl_generator_py/turtlesim/srv/_teleport_relative_s.c.o[0m
[7.475s] [ 89%] [32m[1mLinking C shared library rosidl_generator_py/turtlesim/libturtlesim__python.so[0m
[7.513s] [ 89%] Built target turtlesim__python
[7.524s] [35m[1mScanning dependencies of target turtlesim__rosidl_typesupport_c__pyext[0m
[7.524s] [35m[1mScanning dependencies of target turtlesim__rosidl_typesupport_introspection_c__pyext[0m
[7.524s] [35m[1mScanning dependencies of target turtlesim__rosidl_typesupport_fastrtps_c__pyext[0m
[7.547s] [ 90%] [32mBuilding C object CMakeFiles/turtlesim__rosidl_typesupport_c__pyext.dir/rosidl_generator_py/turtlesim/_turtlesim_s.ep.rosidl_typesupport_c.c.o[0m
[7.554s] [ 91%] [32mBuilding C object CMakeFiles/turtlesim__rosidl_typesupport_introspection_c__pyext.dir/rosidl_generator_py/turtlesim/_turtlesim_s.ep.rosidl_typesupport_introspection_c.c.o[0m
[7.554s] [ 92%] [32mBuilding C object CMakeFiles/turtlesim__rosidl_typesupport_fastrtps_c__pyext.dir/rosidl_generator_py/turtlesim/_turtlesim_s.ep.rosidl_typesupport_fastrtps_c.c.o[0m
[7.670s] [ 93%] [32m[1mLinking CXX shared library rosidl_generator_py/turtlesim/turtlesim_s__rosidl_typesupport_fastrtps_c.cpython-38-x86_64-linux-gnu.so[0m
[7.712s] [ 94%] [32m[1mLinking C shared library rosidl_generator_py/turtlesim/turtlesim_s__rosidl_typesupport_c.cpython-38-x86_64-linux-gnu.so[0m
[7.723s] [ 95%] [32m[1mLinking C shared library rosidl_generator_py/turtlesim/turtlesim_s__rosidl_typesupport_introspection_c.cpython-38-x86_64-linux-gnu.so[0m
[7.732s] [ 95%] Built target turtlesim__rosidl_typesupport_fastrtps_c__pyext
[7.751s] [ 95%] Built target turtlesim__rosidl_typesupport_c__pyext
[7.765s] [ 95%] Built target turtlesim__rosidl_typesupport_introspection_c__pyext
[10.050s] [ 96%] [32m[1mLinking CXX executable mimic[0m
[10.071s] [ 97%] [32m[1mLinking CXX executable turtle_teleop_key[0m
[10.280s] [ 97%] Built target turtle_teleop_key
[10.306s] [ 97%] Built target mimic
[11.242s] [ 98%] [32m[1mLinking CXX executable draw_square[0m
[11.459s] [ 98%] Built target draw_square
[12.805s] [100%] [32m[1mLinking CXX executable turtlesim_node[0m
[13.823s] [100%] Built target turtlesim_node
[13.831s] Invoked command in '/home/halvor/dev_ws/build/turtlesim' returned '0': CMAKE_PREFIX_PATH=/opt/ros/foxy /usr/bin/cmake --build /home/halvor/dev_ws/build/turtlesim -- -j12 -l12
[13.937s] Invoking command in '/home/halvor/dev_ws/build/turtlesim': CMAKE_PREFIX_PATH=/opt/ros/foxy /usr/bin/cmake --install /home/halvor/dev_ws/build/turtlesim
[13.944s] -- Install configuration: ""
[13.944s] -- Installing: /home/halvor/dev_ws/install/turtlesim/share/ament_index/resource_index/rosidl_interfaces/turtlesim
[13.944s] -- Installing: /home/halvor/dev_ws/install/turtlesim/include/turtlesim
[13.944s] -- Installing: /home/halvor/dev_ws/install/turtlesim/include/turtlesim/srv
[13.944s] -- Installing: /home/halvor/dev_ws/install/turtlesim/include/turtlesim/srv/teleport_relative.h
[13.945s] -- Installing: /home/halvor/dev_ws/install/turtlesim/include/turtlesim/srv/set_pen.h
[13.945s] -- Installing: /home/halvor/dev_ws/install/turtlesim/include/turtlesim/srv/detail
[13.945s] -- Installing: /home/halvor/dev_ws/install/turtlesim/include/turtlesim/srv/detail/teleport_absolute__functions.h
[13.945s] -- Installing: /home/halvor/dev_ws/install/turtlesim/include/turtlesim/srv/detail/set_pen__functions.h
[13.945s] -- Installing: /home/halvor/dev_ws/install/turtlesim/include/turtlesim/srv/detail/teleport_relative__type_support.h
[13.945s] -- Installing: /home/halvor/dev_ws/install/turtlesim/include/turtlesim/srv/detail/teleport_absolute__functions.c
[13.945s] -- Installing: /home/halvor/dev_ws/install/turtlesim/include/turtlesim/srv/detail/teleport_absolute__struct.h
[13.945s] -- Installing: /home/halvor/dev_ws/install/turtlesim/include/turtlesim/srv/detail/kill__struct.h
[13.945s] -- Installing: /home/halvor/dev_ws/install/turtlesim/include/turtlesim/srv/detail/kill__functions.h
[13.945s] -- Installing: /home/halvor/dev_ws/install/turtlesim/include/turtlesim/srv/detail/spawn__type_support.h
[13.945s] -- Installing: /home/halvor/dev_ws/install/turtlesim/include/turtlesim/srv/detail/teleport_relative__functions.c
[13.945s] -- Installing: /home/halvor/dev_ws/install/turtlesim/include/turtlesim/srv/detail/spawn__struct.h
[13.945s] -- Installing: /home/halvor/dev_ws/install/turtlesim/include/turtlesim/srv/detail/set_pen__struct.h
[13.945s] -- Installing: /home/halvor/dev_ws/install/turtlesim/include/turtlesim/srv/detail/set_pen__functions.c
[13.945s] -- Installing: /home/halvor/dev_ws/install/turtlesim/include/turtlesim/srv/detail/spawn__functions.c
[13.945s] -- Installing: /home/halvor/dev_ws/install/turtlesim/include/turtlesim/srv/detail/teleport_relative__struct.h
[13.945s] -- Installing: /home/halvor/dev_ws/install/turtlesim/include/turtlesim/srv/detail/teleport_absolute__type_support.h
[13.946s] -- Installing: /home/halvor/dev_ws/install/turtlesim/include/turtlesim/srv/detail/kill__type_support.h
[13.946s] -- Installing: /home/halvor/dev_ws/install/turtlesim/include/turtlesim/srv/detail/spawn__functions.h
[13.946s] -- Installing: /home/halvor/dev_ws/install/turtlesim/include/turtlesim/srv/detail/set_pen__type_support.h
[13.946s] -- Installing: /home/halvor/dev_ws/install/turtlesim/include/turtlesim/srv/detail/teleport_relative__functions.h
[13.946s] -- Installing: /home/halvor/dev_ws/install/turtlesim/include/turtlesim/srv/detail/kill__functions.c
[13.946s] -- Installing: /home/halvor/dev_ws/install/turtlesim/include/turtlesim/srv/teleport_absolute.h
[13.946s] -- Installing: /home/halvor/dev_ws/install/turtlesim/include/turtlesim/srv/kill.h
[13.946s] -- Installing: /home/halvor/dev_ws/install/turtlesim/include/turtlesim/srv/spawn.h
[13.946s] -- Installing: /home/halvor/dev_ws/install/turtlesim/include/turtlesim/action
[13.946s] -- Installing: /home/halvor/dev_ws/install/turtlesim/include/turtlesim/action/rotate_absolute.h
[13.946s] -- Installing: /home/halvor/dev_ws/install/turtlesim/include/turtlesim/action/detail
[13.946s] -- Installing: /home/halvor/dev_ws/install/turtlesim/include/turtlesim/action/detail/rotate_absolute__functions.c
[13.946s] -- Installing: /home/halvor/dev_ws/install/turtlesim/include/turtlesim/action/detail/rotate_absolute__functions.h
[13.946s] -- Installing: /home/halvor/dev_ws/install/turtlesim/include/turtlesim/action/detail/rotate_absolute__type_support.h
[13.946s] -- Installing: /home/halvor/dev_ws/install/turtlesim/include/turtlesim/action/detail/rotate_absolute__struct.h
[13.947s] -- Installing: /home/halvor/dev_ws/install/turtlesim/include/turtlesim/msg
[13.947s] -- Installing: /home/halvor/dev_ws/install/turtlesim/include/turtlesim/msg/detail
[13.947s] -- Installing: /home/halvor/dev_ws/install/turtlesim/include/turtlesim/msg/detail/color__functions.c
[13.947s] -- Installing: /home/halvor/dev_ws/install/turtlesim/include/turtlesim/msg/detail/pose__type_support.h
[13.947s] -- Installing: /home/halvor/dev_ws/install/turtlesim/include/turtlesim/msg/detail/pose__functions.c
[13.947s] -- Installing: /home/halvor/dev_ws/install/turtlesim/include/turtlesim/msg/detail/pose__struct.h
[13.947s] -- Installing: /home/halvor/dev_ws/install/turtlesim/include/turtlesim/msg/detail/color__struct.h
[13.947s] -- Installing: /home/halvor/dev_ws/install/turtlesim/include/turtlesim/msg/detail/color__type_support.h
[13.947s] -- Installing: /home/halvor/dev_ws/install/turtlesim/include/turtlesim/msg/detail/pose__functions.h
[13.947s] -- Installing: /home/halvor/dev_ws/install/turtlesim/include/turtlesim/msg/detail/color__functions.h
[13.947s] -- Installing: /home/halvor/dev_ws/install/turtlesim/include/turtlesim/msg/pose.h
[13.947s] -- Installing: /home/halvor/dev_ws/install/turtlesim/include/turtlesim/msg/rosidl_generator_c__visibility_control.h
[13.947s] -- Installing: /home/halvor/dev_ws/install/turtlesim/include/turtlesim/msg/color.h
[13.947s] -- Installing: /home/halvor/dev_ws/install/turtlesim/share/turtlesim/environment/library_path.sh
[13.947s] -- Installing: /home/halvor/dev_ws/install/turtlesim/share/turtlesim/environment/library_path.dsv
[13.948s] -- Installing: /home/halvor/dev_ws/install/turtlesim/lib/libturtlesim__rosidl_generator_c.so
[13.948s] -- Set runtime path of "/home/halvor/dev_ws/install/turtlesim/lib/libturtlesim__rosidl_generator_c.so" to ""
[13.948s] -- Up-to-date: /home/halvor/dev_ws/install/turtlesim/include/turtlesim
[13.948s] -- Up-to-date: /home/halvor/dev_ws/install/turtlesim/include/turtlesim/srv
[13.948s] -- Up-to-date: /home/halvor/dev_ws/install/turtlesim/include/turtlesim/srv/detail
[13.948s] -- Installing: /home/halvor/dev_ws/install/turtlesim/include/turtlesim/srv/detail/set_pen__rosidl_typesupport_fastrtps_c.h
[13.948s] -- Installing: /home/halvor/dev_ws/install/turtlesim/include/turtlesim/srv/detail/spawn__rosidl_typesupport_fastrtps_c.h
[13.948s] -- Installing: /home/halvor/dev_ws/install/turtlesim/include/turtlesim/srv/detail/kill__rosidl_typesupport_fastrtps_c.h
[13.948s] -- Installing: /home/halvor/dev_ws/install/turtlesim/include/turtlesim/srv/detail/teleport_relative__rosidl_typesupport_fastrtps_c.h
[13.948s] -- Installing: /home/halvor/dev_ws/install/turtlesim/include/turtlesim/srv/detail/teleport_absolute__rosidl_typesupport_fastrtps_c.h
[13.949s] -- Up-to-date: /home/halvor/dev_ws/install/turtlesim/include/turtlesim/action
[13.949s] -- Up-to-date: /home/halvor/dev_ws/install/turtlesim/include/turtlesim/action/detail
[13.949s] -- Installing: /home/halvor/dev_ws/install/turtlesim/include/turtlesim/action/detail/rotate_absolute__rosidl_typesupport_fastrtps_c.h
[13.949s] -- Up-to-date: /home/halvor/dev_ws/install/turtlesim/include/turtlesim/msg
[13.949s] -- Up-to-date: /home/halvor/dev_ws/install/turtlesim/include/turtlesim/msg/detail
[13.949s] -- Installing: /home/halvor/dev_ws/install/turtlesim/include/turtlesim/msg/detail/pose__rosidl_typesupport_fastrtps_c.h
[13.949s] -- Installing: /home/halvor/dev_ws/install/turtlesim/include/turtlesim/msg/detail/color__rosidl_typesupport_fastrtps_c.h
[13.949s] -- Installing: /home/halvor/dev_ws/install/turtlesim/include/turtlesim/msg/rosidl_typesupport_fastrtps_c__visibility_control.h
[13.949s] -- Installing: /home/halvor/dev_ws/install/turtlesim/lib/libturtlesim__rosidl_typesupport_fastrtps_c.so
[13.949s] -- Set runtime path of "/home/halvor/dev_ws/install/turtlesim/lib/libturtlesim__rosidl_typesupport_fastrtps_c.so" to ""
[13.949s] -- Up-to-date: /home/halvor/dev_ws/install/turtlesim/include/turtlesim
[13.949s] -- Up-to-date: /home/halvor/dev_ws/install/turtlesim/include/turtlesim/srv
[13.949s] -- Up-to-date: /home/halvor/dev_ws/install/turtlesim/include/turtlesim/srv/detail
[13.949s] -- Installing: /home/halvor/dev_ws/install/turtlesim/include/turtlesim/srv/detail/kill__rosidl_typesupport_fastrtps_cpp.hpp
[13.949s] -- Installing: /home/halvor/dev_ws/install/turtlesim/include/turtlesim/srv/detail/set_pen__rosidl_typesupport_fastrtps_cpp.hpp
[13.949s] -- Installing: /home/halvor/dev_ws/install/turtlesim/include/turtlesim/srv/detail/spawn__rosidl_typesupport_fastrtps_cpp.hpp
[13.949s] -- Installing: /home/halvor/dev_ws/install/turtlesim/include/turtlesim/srv/detail/teleport_absolute__rosidl_typesupport_fastrtps_cpp.hpp
[13.950s] -- Installing: /home/halvor/dev_ws/install/turtlesim/include/turtlesim/srv/detail/teleport_relative__rosidl_typesupport_fastrtps_cpp.hpp
[13.950s] -- Installing: /home/halvor/dev_ws/install/turtlesim/include/turtlesim/srv/detail/dds_fastrtps
[13.950s] -- Up-to-date: /home/halvor/dev_ws/install/turtlesim/include/turtlesim/action
[13.950s] -- Up-to-date: /home/halvor/dev_ws/install/turtlesim/include/turtlesim/action/detail
[13.950s] -- Installing: /home/halvor/dev_ws/install/turtlesim/include/turtlesim/action/detail/rotate_absolute__rosidl_typesupport_fastrtps_cpp.hpp
[13.950s] -- Installing: /home/halvor/dev_ws/install/turtlesim/include/turtlesim/action/detail/dds_fastrtps
[13.950s] -- Up-to-date: /home/halvor/dev_ws/install/turtlesim/include/turtlesim/msg
[13.950s] -- Installing: /home/halvor/dev_ws/install/turtlesim/include/turtlesim/msg/rosidl_typesupport_fastrtps_cpp__visibility_control.h
[13.950s] -- Up-to-date: /home/halvor/dev_ws/install/turtlesim/include/turtlesim/msg/detail
[13.950s] -- Installing: /home/halvor/dev_ws/install/turtlesim/include/turtlesim/msg/detail/color__rosidl_typesupport_fastrtps_cpp.hpp
[13.950s] -- Installing: /home/halvor/dev_ws/install/turtlesim/include/turtlesim/msg/detail/pose__rosidl_typesupport_fastrtps_cpp.hpp
[13.950s] -- Installing: /home/halvor/dev_ws/install/turtlesim/include/turtlesim/msg/detail/dds_fastrtps
[13.950s] -- Installing: /home/halvor/dev_ws/install/turtlesim/lib/libturtlesim__rosidl_typesupport_fastrtps_cpp.so
[13.950s] -- Set runtime path of "/home/halvor/dev_ws/install/turtlesim/lib/libturtlesim__rosidl_typesupport_fastrtps_cpp.so" to ""
[13.951s] -- Up-to-date: /home/halvor/dev_ws/install/turtlesim/include/turtlesim
[13.951s] -- Up-to-date: /home/halvor/dev_ws/install/turtlesim/include/turtlesim/srv
[13.951s] -- Up-to-date: /home/halvor/dev_ws/install/turtlesim/include/turtlesim/srv/detail
[13.951s] -- Installing: /home/halvor/dev_ws/install/turtlesim/include/turtlesim/srv/detail/set_pen__rosidl_typesupport_introspection_c.h
[13.951s] -- Installing: /home/halvor/dev_ws/install/turtlesim/include/turtlesim/srv/detail/teleport_absolute__type_support.c
[13.951s] -- Installing: /home/halvor/dev_ws/install/turtlesim/include/turtlesim/srv/detail/spawn__rosidl_typesupport_introspection_c.h
[13.951s] -- Installing: /home/halvor/dev_ws/install/turtlesim/include/turtlesim/srv/detail/teleport_relative__rosidl_typesupport_introspection_c.h
[13.951s] -- Installing: /home/halvor/dev_ws/install/turtlesim/include/turtlesim/srv/detail/teleport_relative__type_support.c
[13.951s] -- Installing: /home/halvor/dev_ws/install/turtlesim/include/turtlesim/srv/detail/set_pen__type_support.c
[13.951s] -- Installing: /home/halvor/dev_ws/install/turtlesim/include/turtlesim/srv/detail/spawn__type_support.c
[13.951s] -- Installing: /home/halvor/dev_ws/install/turtlesim/include/turtlesim/srv/detail/teleport_absolute__rosidl_typesupport_introspection_c.h
[13.951s] -- Installing: /home/halvor/dev_ws/install/turtlesim/include/turtlesim/srv/detail/kill__rosidl_typesupport_introspection_c.h
[13.951s] -- Installing: /home/halvor/dev_ws/install/turtlesim/include/turtlesim/srv/detail/kill__type_support.c
[13.951s] -- Up-to-date: /home/halvor/dev_ws/install/turtlesim/include/turtlesim/action
[13.951s] -- Up-to-date: /home/halvor/dev_ws/install/turtlesim/include/turtlesim/action/detail
[13.951s] -- Installing: /home/halvor/dev_ws/install/turtlesim/include/turtlesim/action/detail/rotate_absolute__rosidl_typesupport_introspection_c.h
[13.951s] -- Installing: /home/halvor/dev_ws/install/turtlesim/include/turtlesim/action/detail/rotate_absolute__type_support.c
[13.952s] -- Up-to-date: /home/halvor/dev_ws/install/turtlesim/include/turtlesim/msg
[13.952s] -- Up-to-date: /home/halvor/dev_ws/install/turtlesim/include/turtlesim/msg/detail
[13.952s] -- Installing: /home/halvor/dev_ws/install/turtlesim/include/turtlesim/msg/detail/pose__type_support.c
[13.952s] -- Installing: /home/halvor/dev_ws/install/turtlesim/include/turtlesim/msg/detail/pose__rosidl_typesupport_introspection_c.h
[13.952s] -- Installing: /home/halvor/dev_ws/install/turtlesim/include/turtlesim/msg/detail/color__rosidl_typesupport_introspection_c.h
[13.952s] -- Installing: /home/halvor/dev_ws/install/turtlesim/include/turtlesim/msg/detail/color__type_support.c
[13.952s] -- Installing: /home/halvor/dev_ws/install/turtlesim/include/turtlesim/msg/rosidl_typesupport_introspection_c__visibility_control.h
[13.952s] -- Installing: /home/halvor/dev_ws/install/turtlesim/lib/libturtlesim__rosidl_typesupport_introspection_c.so
[13.952s] -- Set runtime path of "/home/halvor/dev_ws/install/turtlesim/lib/libturtlesim__rosidl_typesupport_introspection_c.so" to ""
[13.952s] -- Installing: /home/halvor/dev_ws/install/turtlesim/lib/libturtlesim__rosidl_typesupport_c.so
[13.952s] -- Set runtime path of "/home/halvor/dev_ws/install/turtlesim/lib/libturtlesim__rosidl_typesupport_c.so" to ""
[13.953s] -- Up-to-date: /home/halvor/dev_ws/install/turtlesim/include/turtlesim
[13.953s] -- Up-to-date: /home/halvor/dev_ws/install/turtlesim/include/turtlesim/srv
[13.953s] -- Up-to-date: /home/halvor/dev_ws/install/turtlesim/include/turtlesim/srv/detail
[13.953s] -- Installing: /home/halvor/dev_ws/install/turtlesim/include/turtlesim/srv/detail/set_pen__struct.hpp
[13.953s] -- Installing: /home/halvor/dev_ws/install/turtlesim/include/turtlesim/srv/detail/kill__traits.hpp
[13.953s] -- Installing: /home/halvor/dev_ws/install/turtlesim/include/turtlesim/srv/detail/spawn__traits.hpp
[13.953s] -- Installing: /home/halvor/dev_ws/install/turtlesim/include/turtlesim/srv/detail/kill__builder.hpp
[13.953s] -- Installing: /home/halvor/dev_ws/install/turtlesim/include/turtlesim/srv/detail/set_pen__traits.hpp
[13.953s] -- Installing: /home/halvor/dev_ws/install/turtlesim/include/turtlesim/srv/detail/teleport_relative__struct.hpp
[13.953s] -- Installing: /home/halvor/dev_ws/install/turtlesim/include/turtlesim/srv/detail/teleport_absolute__traits.hpp
[13.953s] -- Installing: /home/halvor/dev_ws/install/turtlesim/include/turtlesim/srv/detail/teleport_absolute__struct.hpp
[13.953s] -- Installing: /home/halvor/dev_ws/install/turtlesim/include/turtlesim/srv/detail/set_pen__builder.hpp
[13.953s] -- Installing: /home/halvor/dev_ws/install/turtlesim/include/turtlesim/srv/detail/teleport_relative__builder.hpp
[13.953s] -- Installing: /home/halvor/dev_ws/install/turtlesim/include/turtlesim/srv/detail/spawn__builder.hpp
[13.953s] -- Installing: /home/halvor/dev_ws/install/turtlesim/include/turtlesim/srv/detail/kill__struct.hpp
[13.953s] -- Installing: /home/halvor/dev_ws/install/turtlesim/include/turtlesim/srv/detail/teleport_absolute__builder.hpp
[13.953s] -- Installing: /home/halvor/dev_ws/install/turtlesim/include/turtlesim/srv/detail/teleport_relative__traits.hpp
[13.954s] -- Installing: /home/halvor/dev_ws/install/turtlesim/include/turtlesim/srv/detail/spawn__struct.hpp
[13.954s] -- Installing: /home/halvor/dev_ws/install/turtlesim/include/turtlesim/srv/teleport_relative.hpp
[13.954s] -- Installing: /home/halvor/dev_ws/install/turtlesim/include/turtlesim/srv/set_pen.hpp
[13.954s] -- Installing: /home/halvor/dev_ws/install/turtlesim/include/turtlesim/srv/kill.hpp
[13.954s] -- Installing: /home/halvor/dev_ws/install/turtlesim/include/turtlesim/srv/teleport_absolute.hpp
[13.954s] -- Installing: /home/halvor/dev_ws/install/turtlesim/include/turtlesim/srv/spawn.hpp
[13.954s] -- Up-to-date: /home/halvor/dev_ws/install/turtlesim/include/turtlesim/action
[13.954s] -- Up-to-date: /home/halvor/dev_ws/install/turtlesim/include/turtlesim/action/detail
[13.954s] -- Installing: /home/halvor/dev_ws/install/turtlesim/include/turtlesim/action/detail/rotate_absolute__builder.hpp
[13.954s] -- Installing: /home/halvor/dev_ws/install/turtlesim/include/turtlesim/action/detail/rotate_absolute__struct.hpp
[13.954s] -- Installing: /home/halvor/dev_ws/install/turtlesim/include/turtlesim/action/detail/rotate_absolute__traits.hpp
[13.954s] -- Installing: /home/halvor/dev_ws/install/turtlesim/include/turtlesim/action/rotate_absolute.hpp
[13.954s] -- Up-to-date: /home/halvor/dev_ws/install/turtlesim/include/turtlesim/msg
[13.954s] -- Installing: /home/halvor/dev_ws/install/turtlesim/include/turtlesim/msg/pose.hpp
[13.954s] -- Up-to-date: /home/halvor/dev_ws/install/turtlesim/include/turtlesim/msg/detail
[13.954s] -- Installing: /home/halvor/dev_ws/install/turtlesim/include/turtlesim/msg/detail/pose__traits.hpp
[13.954s] -- Installing: /home/halvor/dev_ws/install/turtlesim/include/turtlesim/msg/detail/color__traits.hpp
[13.955s] -- Installing: /home/halvor/dev_ws/install/turtlesim/include/turtlesim/msg/detail/color__builder.hpp
[13.955s] -- Installing: /home/halvor/dev_ws/install/turtlesim/include/turtlesim/msg/detail/color__struct.hpp
[13.955s] -- Installing: /home/halvor/dev_ws/install/turtlesim/include/turtlesim/msg/detail/pose__builder.hpp
[13.955s] -- Installing: /home/halvor/dev_ws/install/turtlesim/include/turtlesim/msg/detail/pose__struct.hpp
[13.955s] -- Installing: /home/halvor/dev_ws/install/turtlesim/include/turtlesim/msg/color.hpp
[13.955s] -- Up-to-date: /home/halvor/dev_ws/install/turtlesim/include/turtlesim
[13.955s] -- Up-to-date: /home/halvor/dev_ws/install/turtlesim/include/turtlesim/srv
[13.955s] -- Up-to-date: /home/halvor/dev_ws/install/turtlesim/include/turtlesim/srv/detail
[13.955s] -- Installing: /home/halvor/dev_ws/install/turtlesim/include/turtlesim/srv/detail/kill__rosidl_typesupport_introspection_cpp.hpp
[13.955s] -- Installing: /home/halvor/dev_ws/install/turtlesim/include/turtlesim/srv/detail/kill__type_support.cpp
[13.955s] -- Installing: /home/halvor/dev_ws/install/turtlesim/include/turtlesim/srv/detail/teleport_relative__rosidl_typesupport_introspection_cpp.hpp
[13.955s] -- Installing: /home/halvor/dev_ws/install/turtlesim/include/turtlesim/srv/detail/teleport_relative__type_support.cpp
[13.955s] -- Installing: /home/halvor/dev_ws/install/turtlesim/include/turtlesim/srv/detail/teleport_absolute__rosidl_typesupport_introspection_cpp.hpp
[13.956s] -- Installing: /home/halvor/dev_ws/install/turtlesim/include/turtlesim/srv/detail/set_pen__type_support.cpp
[13.956s] -- Installing: /home/halvor/dev_ws/install/turtlesim/include/turtlesim/srv/detail/teleport_absolute__type_support.cpp
[13.956s] -- Installing: /home/halvor/dev_ws/install/turtlesim/include/turtlesim/srv/detail/set_pen__rosidl_typesupport_introspection_cpp.hpp
[13.956s] -- Installing: /home/halvor/dev_ws/install/turtlesim/include/turtlesim/srv/detail/spawn__rosidl_typesupport_introspection_cpp.hpp
[13.956s] -- Installing: /home/halvor/dev_ws/install/turtlesim/include/turtlesim/srv/detail/spawn__type_support.cpp
[13.956s] -- Up-to-date: /home/halvor/dev_ws/install/turtlesim/include/turtlesim/action
[13.956s] -- Up-to-date: /home/halvor/dev_ws/install/turtlesim/include/turtlesim/action/detail
[13.956s] -- Installing: /home/halvor/dev_ws/install/turtlesim/include/turtlesim/action/detail/rotate_absolute__type_support.cpp
[13.956s] -- Installing: /home/halvor/dev_ws/install/turtlesim/include/turtlesim/action/detail/rotate_absolute__rosidl_typesupport_introspection_cpp.hpp
[13.956s] -- Up-to-date: /home/halvor/dev_ws/install/turtlesim/include/turtlesim/msg
[13.956s] -- Up-to-date: /home/halvor/dev_ws/install/turtlesim/include/turtlesim/msg/detail
[13.956s] -- Installing: /home/halvor/dev_ws/install/turtlesim/include/turtlesim/msg/detail/color__rosidl_typesupport_introspection_cpp.hpp
[13.956s] -- Installing: /home/halvor/dev_ws/install/turtlesim/include/turtlesim/msg/detail/pose__rosidl_typesupport_introspection_cpp.hpp
[13.956s] -- Installing: /home/halvor/dev_ws/install/turtlesim/include/turtlesim/msg/detail/pose__type_support.cpp
[13.956s] -- Installing: /home/halvor/dev_ws/install/turtlesim/include/turtlesim/msg/detail/color__type_support.cpp
[13.956s] -- Installing: /home/halvor/dev_ws/install/turtlesim/lib/libturtlesim__rosidl_typesupport_introspection_cpp.so
[13.957s] -- Set runtime path of "/home/halvor/dev_ws/install/turtlesim/lib/libturtlesim__rosidl_typesupport_introspection_cpp.so" to ""
[13.957s] -- Installing: /home/halvor/dev_ws/install/turtlesim/lib/libturtlesim__rosidl_typesupport_cpp.so
[13.957s] -- Set runtime path of "/home/halvor/dev_ws/install/turtlesim/lib/libturtlesim__rosidl_typesupport_cpp.so" to ""
[13.957s] -- Installing: /home/halvor/dev_ws/install/turtlesim/share/turtlesim/environment/pythonpath.sh
[13.957s] -- Installing: /home/halvor/dev_ws/install/turtlesim/share/turtlesim/environment/pythonpath.dsv
[13.958s] -- Installing: /home/halvor/dev_ws/install/turtlesim/lib/python3.8/site-packages/turtlesim/__init__.py
[13.980s] Compiling '/home/halvor/dev_ws/install/turtlesim/lib/python3.8/site-packages/turtlesim/__init__.py'...
[13.983s] -- Installing: /home/halvor/dev_ws/install/turtlesim/lib/python3.8/site-packages/turtlesim/action
[13.983s] -- Installing: /home/halvor/dev_ws/install/turtlesim/lib/python3.8/site-packages/turtlesim/action/__init__.py
[13.983s] -- Installing: /home/halvor/dev_ws/install/turtlesim/lib/python3.8/site-packages/turtlesim/action/_rotate_absolute_s.c
[13.983s] -- Installing: /home/halvor/dev_ws/install/turtlesim/lib/python3.8/site-packages/turtlesim/action/_rotate_absolute.py
[13.984s] -- Installing: /home/halvor/dev_ws/install/turtlesim/lib/python3.8/site-packages/turtlesim/msg
[13.984s] -- Installing: /home/halvor/dev_ws/install/turtlesim/lib/python3.8/site-packages/turtlesim/msg/_color.py
[13.984s] -- Installing: /home/halvor/dev_ws/install/turtlesim/lib/python3.8/site-packages/turtlesim/msg/__init__.py
[13.984s] -- Installing: /home/halvor/dev_ws/install/turtlesim/lib/python3.8/site-packages/turtlesim/msg/_color_s.c
[13.984s] -- Installing: /home/halvor/dev_ws/install/turtlesim/lib/python3.8/site-packages/turtlesim/msg/_pose_s.c
[13.984s] -- Installing: /home/halvor/dev_ws/install/turtlesim/lib/python3.8/site-packages/turtlesim/msg/_pose.py
[13.984s] -- Installing: /home/halvor/dev_ws/install/turtlesim/lib/python3.8/site-packages/turtlesim/srv
[13.984s] -- Installing: /home/halvor/dev_ws/install/turtlesim/lib/python3.8/site-packages/turtlesim/srv/_teleport_absolute_s.c
[13.984s] -- Installing: /home/halvor/dev_ws/install/turtlesim/lib/python3.8/site-packages/turtlesim/srv/_spawn.py
[13.984s] -- Installing: /home/halvor/dev_ws/install/turtlesim/lib/python3.8/site-packages/turtlesim/srv/__init__.py
[13.984s] -- Installing: /home/halvor/dev_ws/install/turtlesim/lib/python3.8/site-packages/turtlesim/srv/_set_pen_s.c
[13.984s] -- Installing: /home/halvor/dev_ws/install/turtlesim/lib/python3.8/site-packages/turtlesim/srv/_spawn_s.c
[13.984s] -- Installing: /home/halvor/dev_ws/install/turtlesim/lib/python3.8/site-packages/turtlesim/srv/_teleport_relative_s.c
[13.984s] -- Installing: /home/halvor/dev_ws/install/turtlesim/lib/python3.8/site-packages/turtlesim/srv/_teleport_absolute.py
[13.984s] -- Installing: /home/halvor/dev_ws/install/turtlesim/lib/python3.8/site-packages/turtlesim/srv/_kill_s.c
[13.984s] -- Installing: /home/halvor/dev_ws/install/turtlesim/lib/python3.8/site-packages/turtlesim/srv/_teleport_relative.py
[13.984s] -- Installing: /home/halvor/dev_ws/install/turtlesim/lib/python3.8/site-packages/turtlesim/srv/_set_pen.py
[13.985s] -- Installing: /home/halvor/dev_ws/install/turtlesim/lib/python3.8/site-packages/turtlesim/srv/_kill.py
[13.985s] -- Installing: /home/halvor/dev_ws/install/turtlesim/lib/python3.8/site-packages/turtlesim/turtlesim_s__rosidl_typesupport_fastrtps_c.cpython-38-x86_64-linux-gnu.so
[13.985s] -- Set runtime path of "/home/halvor/dev_ws/install/turtlesim/lib/python3.8/site-packages/turtlesim/turtlesim_s__rosidl_typesupport_fastrtps_c.cpython-38-x86_64-linux-gnu.so" to ""
[13.985s] -- Installing: /home/halvor/dev_ws/install/turtlesim/lib/python3.8/site-packages/turtlesim/turtlesim_s__rosidl_typesupport_introspection_c.cpython-38-x86_64-linux-gnu.so
[13.986s] -- Set runtime path of "/home/halvor/dev_ws/install/turtlesim/lib/python3.8/site-packages/turtlesim/turtlesim_s__rosidl_typesupport_introspection_c.cpython-38-x86_64-linux-gnu.so" to ""
[13.986s] -- Installing: /home/halvor/dev_ws/install/turtlesim/lib/python3.8/site-packages/turtlesim/turtlesim_s__rosidl_typesupport_c.cpython-38-x86_64-linux-gnu.so
[13.986s] -- Set runtime path of "/home/halvor/dev_ws/install/turtlesim/lib/python3.8/site-packages/turtlesim/turtlesim_s__rosidl_typesupport_c.cpython-38-x86_64-linux-gnu.so" to ""
[13.986s] -- Installing: /home/halvor/dev_ws/install/turtlesim/lib/libturtlesim__python.so
[13.987s] -- Set runtime path of "/home/halvor/dev_ws/install/turtlesim/lib/libturtlesim__python.so" to ""
[13.987s] -- Installing: /home/halvor/dev_ws/install/turtlesim/share/turtlesim/action/RotateAbsolute.idl
[13.987s] -- Installing: /home/halvor/dev_ws/install/turtlesim/share/turtlesim/msg/Color.idl
[13.987s] -- Installing: /home/halvor/dev_ws/install/turtlesim/share/turtlesim/msg/Pose.idl
[13.987s] -- Installing: /home/halvor/dev_ws/install/turtlesim/share/turtlesim/srv/Kill.idl
[13.987s] -- Installing: /home/halvor/dev_ws/install/turtlesim/share/turtlesim/srv/SetPen.idl
[13.987s] -- Installing: /home/halvor/dev_ws/install/turtlesim/share/turtlesim/srv/Spawn.idl
[13.987s] -- Installing: /home/halvor/dev_ws/install/turtlesim/share/turtlesim/srv/TeleportAbsolute.idl
[13.987s] -- Installing: /home/halvor/dev_ws/install/turtlesim/share/turtlesim/srv/TeleportRelative.idl
[13.987s] -- Installing: /home/halvor/dev_ws/install/turtlesim/share/turtlesim/action/RotateAbsolute.action
[13.987s] -- Installing: /home/halvor/dev_ws/install/turtlesim/share/turtlesim/msg/Color.msg
[13.987s] -- Installing: /home/halvor/dev_ws/install/turtlesim/share/turtlesim/msg/Pose.msg
[13.987s] -- Installing: /home/halvor/dev_ws/install/turtlesim/share/turtlesim/srv/Kill.srv
[13.988s] -- Installing: /home/halvor/dev_ws/install/turtlesim/share/turtlesim/srv/Kill_Request.msg
[13.988s] -- Installing: /home/halvor/dev_ws/install/turtlesim/share/turtlesim/srv/Kill_Response.msg
[13.988s] -- Installing: /home/halvor/dev_ws/install/turtlesim/share/turtlesim/srv/SetPen.srv
[13.988s] -- Installing: /home/halvor/dev_ws/install/turtlesim/share/turtlesim/srv/SetPen_Request.msg
[13.988s] -- Installing: /home/halvor/dev_ws/install/turtlesim/share/turtlesim/srv/SetPen_Response.msg
[13.988s] -- Installing: /home/halvor/dev_ws/install/turtlesim/share/turtlesim/srv/Spawn.srv
[13.988s] -- Installing: /home/halvor/dev_ws/install/turtlesim/share/turtlesim/srv/Spawn_Request.msg
[13.988s] -- Installing: /home/halvor/dev_ws/install/turtlesim/share/turtlesim/srv/Spawn_Response.msg
[13.988s] -- Installing: /home/halvor/dev_ws/install/turtlesim/share/turtlesim/srv/TeleportAbsolute.srv
[13.988s] -- Installing: /home/halvor/dev_ws/install/turtlesim/share/turtlesim/srv/TeleportAbsolute_Request.msg
[13.988s] -- Installing: /home/halvor/dev_ws/install/turtlesim/share/turtlesim/srv/TeleportAbsolute_Response.msg
[13.989s] -- Installing: /home/halvor/dev_ws/install/turtlesim/share/turtlesim/srv/TeleportRelative.srv
[13.989s] -- Installing: /home/halvor/dev_ws/install/turtlesim/share/turtlesim/srv/TeleportRelative_Request.msg
[13.989s] -- Installing: /home/halvor/dev_ws/install/turtlesim/share/turtlesim/srv/TeleportRelative_Response.msg
[13.989s] -- Installing: /home/halvor/dev_ws/install/turtlesim/lib/turtlesim/turtlesim_node
[13.992s] -- Set runtime path of "/home/halvor/dev_ws/install/turtlesim/lib/turtlesim/turtlesim_node" to ""
[13.992s] -- Installing: /home/halvor/dev_ws/install/turtlesim/lib/turtlesim/turtle_teleop_key
[13.993s] -- Set runtime path of "/home/halvor/dev_ws/install/turtlesim/lib/turtlesim/turtle_teleop_key" to ""
[13.993s] -- Installing: /home/halvor/dev_ws/install/turtlesim/lib/turtlesim/draw_square
[13.995s] -- Set runtime path of "/home/halvor/dev_ws/install/turtlesim/lib/turtlesim/draw_square" to ""
[13.995s] -- Installing: /home/halvor/dev_ws/install/turtlesim/lib/turtlesim/mimic
[13.996s] -- Set runtime path of "/home/halvor/dev_ws/install/turtlesim/lib/turtlesim/mimic" to ""
[13.996s] -- Installing: /home/halvor/dev_ws/install/turtlesim/share/turtlesim/images
[13.996s] -- Installing: /home/halvor/dev_ws/install/turtlesim/share/turtlesim/images/foxy.png
[13.997s] -- Installing: /home/halvor/dev_ws/install/turtlesim/share/turtlesim/images/eloquent.png
[13.997s] -- Installing: /home/halvor/dev_ws/install/turtlesim/share/turtlesim/images/dashing.png
[13.997s] -- Installing: /home/halvor/dev_ws/install/turtlesim/share/turtlesim/images/ardent.png
[13.997s] -- Installing: /home/halvor/dev_ws/install/turtlesim/share/turtlesim/images/bouncy.png
[13.997s] -- Installing: /home/halvor/dev_ws/install/turtlesim/share/turtlesim/images/crystal.png
[13.997s] -- Installing: /home/halvor/dev_ws/install/turtlesim/share/turtlesim/launch
[13.997s] -- Installing: /home/halvor/dev_ws/install/turtlesim/share/turtlesim/launch/multisim.launch.py
[13.997s] -- Installing: /home/halvor/dev_ws/install/turtlesim/share/ament_index/resource_index/package_run_dependencies/turtlesim
[13.997s] -- Installing: /home/halvor/dev_ws/install/turtlesim/share/ament_index/resource_index/parent_prefix_path/turtlesim
[13.997s] -- Installing: /home/halvor/dev_ws/install/turtlesim/share/turtlesim/environment/ament_prefix_path.sh
[13.997s] -- Installing: /home/halvor/dev_ws/install/turtlesim/share/turtlesim/environment/ament_prefix_path.dsv
[13.997s] -- Installing: /home/halvor/dev_ws/install/turtlesim/share/turtlesim/environment/path.sh
[13.997s] -- Installing: /home/halvor/dev_ws/install/turtlesim/share/turtlesim/environment/path.dsv
[13.997s] -- Installing: /home/halvor/dev_ws/install/turtlesim/share/turtlesim/local_setup.bash
[13.997s] -- Installing: /home/halvor/dev_ws/install/turtlesim/share/turtlesim/local_setup.sh
[13.997s] -- Installing: /home/halvor/dev_ws/install/turtlesim/share/turtlesim/local_setup.zsh
[13.998s] -- Installing: /home/halvor/dev_ws/install/turtlesim/share/turtlesim/local_setup.dsv
[13.998s] -- Installing: /home/halvor/dev_ws/install/turtlesim/share/turtlesim/package.dsv
[13.998s] -- Installing: /home/halvor/dev_ws/install/turtlesim/share/ament_index/resource_index/packages/turtlesim
[13.998s] -- Installing: /home/halvor/dev_ws/install/turtlesim/share/turtlesim/cmake/turtlesim__rosidl_generator_cExport.cmake
[13.998s] -- Installing: /home/halvor/dev_ws/install/turtlesim/share/turtlesim/cmake/turtlesim__rosidl_generator_cExport-noconfig.cmake
[13.998s] -- Installing: /home/halvor/dev_ws/install/turtlesim/share/turtlesim/cmake/turtlesim__rosidl_typesupport_introspection_cExport.cmake
[13.998s] -- Installing: /home/halvor/dev_ws/install/turtlesim/share/turtlesim/cmake/turtlesim__rosidl_typesupport_introspection_cExport-noconfig.cmake
[13.998s] -- Installing: /home/halvor/dev_ws/install/turtlesim/share/turtlesim/cmake/turtlesim__rosidl_typesupport_cExport.cmake
[13.998s] -- Installing: /home/halvor/dev_ws/install/turtlesim/share/turtlesim/cmake/turtlesim__rosidl_typesupport_cExport-noconfig.cmake
[13.999s] -- Installing: /home/halvor/dev_ws/install/turtlesim/share/turtlesim/cmake/turtlesim__rosidl_generator_cppExport.cmake
[13.999s] -- Installing: /home/halvor/dev_ws/install/turtlesim/share/turtlesim/cmake/turtlesim__rosidl_typesupport_introspection_cppExport.cmake
[13.999s] -- Installing: /home/halvor/dev_ws/install/turtlesim/share/turtlesim/cmake/turtlesim__rosidl_typesupport_introspection_cppExport-noconfig.cmake
[13.999s] -- Installing: /home/halvor/dev_ws/install/turtlesim/share/turtlesim/cmake/turtlesim__rosidl_typesupport_cppExport.cmake
[13.999s] -- Installing: /home/halvor/dev_ws/install/turtlesim/share/turtlesim/cmake/turtlesim__rosidl_typesupport_cppExport-noconfig.cmake
[13.999s] -- Installing: /home/halvor/dev_ws/install/turtlesim/share/turtlesim/cmake/rosidl_cmake-extras.cmake
[13.999s] -- Installing: /home/halvor/dev_ws/install/turtlesim/share/turtlesim/cmake/ament_cmake_export_dependencies-extras.cmake
[13.999s] -- Installing: /home/halvor/dev_ws/install/turtlesim/share/turtlesim/cmake/ament_cmake_export_libraries-extras.cmake
[13.999s] -- Installing: /home/halvor/dev_ws/install/turtlesim/share/turtlesim/cmake/ament_cmake_export_targets-extras.cmake
[13.999s] -- Installing: /home/halvor/dev_ws/install/turtlesim/share/turtlesim/cmake/ament_cmake_export_include_directories-extras.cmake
[14.000s] -- Installing: /home/halvor/dev_ws/install/turtlesim/share/turtlesim/cmake/rosidl_cmake_export_typesupport_libraries-extras.cmake
[14.000s] -- Installing: /home/halvor/dev_ws/install/turtlesim/share/turtlesim/cmake/rosidl_cmake_export_typesupport_targets-extras.cmake
[14.000s] -- Installing: /home/halvor/dev_ws/install/turtlesim/share/turtlesim/cmake/turtlesimConfig.cmake
[14.000s] -- Installing: /home/halvor/dev_ws/install/turtlesim/share/turtlesim/cmake/turtlesimConfig-version.cmake
[14.000s] -- Installing: /home/halvor/dev_ws/install/turtlesim/share/turtlesim/package.xml
[14.002s] Invoked command in '/home/halvor/dev_ws/build/turtlesim' returned '0': CMAKE_PREFIX_PATH=/opt/ros/foxy /usr/bin/cmake --install /home/halvor/dev_ws/build/turtlesim
