[0.384s] Invoking command in '/home/halvor/dev_ws/src/cv_basics': PYTHONPATH=/home/halvor/dev_ws/install/cv_basics/lib/python3.8/site-packages:${PYTHONPATH} /usr/bin/python3 setup.py egg_info --egg-base ../../build/cv_basics build --build-base /home/halvor/dev_ws/build/cv_basics/build install --prefix /home/halvor/dev_ws/install/cv_basics --record /home/halvor/dev_ws/build/cv_basics/install.log --single-version-externally-managed
[0.511s] running egg_info
[0.511s] writing ../../build/cv_basics/cv_basics.egg-info/PKG-INFO
[0.511s] writing dependency_links to ../../build/cv_basics/cv_basics.egg-info/dependency_links.txt
[0.512s] writing entry points to ../../build/cv_basics/cv_basics.egg-info/entry_points.txt
[0.512s] writing requirements to ../../build/cv_basics/cv_basics.egg-info/requires.txt
[0.512s] writing top-level names to ../../build/cv_basics/cv_basics.egg-info/top_level.txt
[0.536s] reading manifest file '../../build/cv_basics/cv_basics.egg-info/SOURCES.txt'
[0.537s] writing manifest file '../../build/cv_basics/cv_basics.egg-info/SOURCES.txt'
[0.537s] running build
[0.537s] running build_py
[0.537s] running install
[0.538s] running install_lib
[0.539s] running install_data
[0.539s] running install_egg_info
[0.540s] removing '/home/halvor/dev_ws/install/cv_basics/lib/python3.8/site-packages/cv_basics-0.0.0-py3.8.egg-info' (and everything under it)
[0.541s] Copying ../../build/cv_basics/cv_basics.egg-info to /home/halvor/dev_ws/install/cv_basics/lib/python3.8/site-packages/cv_basics-0.0.0-py3.8.egg-info
[0.541s] running install_scripts
[0.552s] Installing img_publisher script to /home/halvor/dev_ws/install/cv_basics/lib/cv_basics
[0.553s] Installing img_subscriber script to /home/halvor/dev_ws/install/cv_basics/lib/cv_basics
[0.553s] writing list of installed files to '/home/halvor/dev_ws/build/cv_basics/install.log'
[0.565s] Invoked command in '/home/halvor/dev_ws/src/cv_basics' returned '0': PYTHONPATH=/home/halvor/dev_ws/install/cv_basics/lib/python3.8/site-packages:${PYTHONPATH} /usr/bin/python3 setup.py egg_info --egg-base ../../build/cv_basics build --build-base /home/halvor/dev_ws/build/cv_basics/build install --prefix /home/halvor/dev_ws/install/cv_basics --record /home/halvor/dev_ws/build/cv_basics/install.log --single-version-externally-managed
