[0.518s] Invoking command in '/home/halvor/dev_ws/src/cv_basics': PYTHONPATH=/home/halvor/dev_ws/install/cv_basics/lib/python3.8/site-packages:${PYTHONPATH} /usr/bin/python3 setup.py egg_info --egg-base ../../build/cv_basics build --build-base /home/halvor/dev_ws/build/cv_basics/build install --prefix /home/halvor/dev_ws/install/cv_basics --record /home/halvor/dev_ws/build/cv_basics/install.log --single-version-externally-managed
[0.691s] running egg_info
[0.692s] writing ../../build/cv_basics/cv_basics.egg-info/PKG-INFO
[0.692s] writing dependency_links to ../../build/cv_basics/cv_basics.egg-info/dependency_links.txt
[0.692s] writing entry points to ../../build/cv_basics/cv_basics.egg-info/entry_points.txt
[0.692s] writing requirements to ../../build/cv_basics/cv_basics.egg-info/requires.txt
[0.693s] writing top-level names to ../../build/cv_basics/cv_basics.egg-info/top_level.txt
[0.722s] reading manifest file '../../build/cv_basics/cv_basics.egg-info/SOURCES.txt'
[0.723s] writing manifest file '../../build/cv_basics/cv_basics.egg-info/SOURCES.txt'
[0.723s] running build
[0.723s] running build_py
[0.724s] copying cv_basics/helper.py -> /home/halvor/dev_ws/build/cv_basics/build/lib/cv_basics
[0.724s] running install
[0.724s] running install_lib
[0.725s] copying /home/halvor/dev_ws/build/cv_basics/build/lib/cv_basics/helper.py -> /home/halvor/dev_ws/install/cv_basics/lib/python3.8/site-packages/cv_basics
[0.726s] byte-compiling /home/halvor/dev_ws/install/cv_basics/lib/python3.8/site-packages/cv_basics/helper.py to helper.cpython-38.pyc
[0.727s] running install_data
[0.727s] Sorry: TabError: inconsistent use of tabs and spaces in indentation (helper.py, line 92)
[0.727s] running install_egg_info
[0.728s] removing '/home/halvor/dev_ws/install/cv_basics/lib/python3.8/site-packages/cv_basics-0.0.0-py3.8.egg-info' (and everything under it)
[0.729s] Copying ../../build/cv_basics/cv_basics.egg-info to /home/halvor/dev_ws/install/cv_basics/lib/python3.8/site-packages/cv_basics-0.0.0-py3.8.egg-info
[0.730s] running install_scripts
[0.744s] Installing img_publisher script to /home/halvor/dev_ws/install/cv_basics/lib/cv_basics
[0.744s] Installing img_subscriber script to /home/halvor/dev_ws/install/cv_basics/lib/cv_basics
[0.744s] writing list of installed files to '/home/halvor/dev_ws/build/cv_basics/install.log'
[0.762s] Invoked command in '/home/halvor/dev_ws/src/cv_basics' returned '0': PYTHONPATH=/home/halvor/dev_ws/install/cv_basics/lib/python3.8/site-packages:${PYTHONPATH} /usr/bin/python3 setup.py egg_info --egg-base ../../build/cv_basics build --build-base /home/halvor/dev_ws/build/cv_basics/build install --prefix /home/halvor/dev_ws/install/cv_basics --record /home/halvor/dev_ws/build/cv_basics/install.log --single-version-externally-managed
