[0.445s] Invoking command in '/home/halvor/dev_ws/src/cv_basics': PYTHONPATH=/home/halvor/dev_ws/install/cv_basics/lib/python3.8/site-packages:${PYTHONPATH} /usr/bin/python3 setup.py egg_info --egg-base ../../build/cv_basics build --build-base /home/halvor/dev_ws/build/cv_basics/build install --prefix /home/halvor/dev_ws/install/cv_basics --record /home/halvor/dev_ws/build/cv_basics/install.log --single-version-externally-managed
[0.578s] running egg_info
[0.579s] writing ../../build/cv_basics/cv_basics.egg-info/PKG-INFO
[0.579s] writing dependency_links to ../../build/cv_basics/cv_basics.egg-info/dependency_links.txt
[0.579s] writing entry points to ../../build/cv_basics/cv_basics.egg-info/entry_points.txt
[0.579s] writing requirements to ../../build/cv_basics/cv_basics.egg-info/requires.txt
[0.579s] writing top-level names to ../../build/cv_basics/cv_basics.egg-info/top_level.txt
[0.604s] reading manifest file '../../build/cv_basics/cv_basics.egg-info/SOURCES.txt'
[0.605s] writing manifest file '../../build/cv_basics/cv_basics.egg-info/SOURCES.txt'
[0.605s] running build
[0.605s] running build_py
[0.606s] running install
[0.606s] running install_lib
[0.607s] running install_data
[0.607s] running install_egg_info
[0.608s] removing '/home/halvor/dev_ws/install/cv_basics/lib/python3.8/site-packages/cv_basics-0.0.0-py3.8.egg-info' (and everything under it)
[0.609s] Copying ../../build/cv_basics/cv_basics.egg-info to /home/halvor/dev_ws/install/cv_basics/lib/python3.8/site-packages/cv_basics-0.0.0-py3.8.egg-info
[0.610s] running install_scripts
[0.621s] Installing img_publisher script to /home/halvor/dev_ws/install/cv_basics/lib/cv_basics
[0.621s] Installing img_subscriber script to /home/halvor/dev_ws/install/cv_basics/lib/cv_basics
[0.622s] writing list of installed files to '/home/halvor/dev_ws/build/cv_basics/install.log'
[0.634s] Invoked command in '/home/halvor/dev_ws/src/cv_basics' returned '0': PYTHONPATH=/home/halvor/dev_ws/install/cv_basics/lib/python3.8/site-packages:${PYTHONPATH} /usr/bin/python3 setup.py egg_info --egg-base ../../build/cv_basics build --build-base /home/halvor/dev_ws/build/cv_basics/build install --prefix /home/halvor/dev_ws/install/cv_basics --record /home/halvor/dev_ws/build/cv_basics/install.log --single-version-externally-managed
